<?xml version="1.0" encoding="UTF-8"?>
<coverage generated="1774527203083" clover="3.2.0">
  <project timestamp="1774527203085" name="All files">
    <metrics statements="107" coveredstatements="107" conditionals="55" coveredconditionals="48" methods="48" coveredmethods="48" elements="210" coveredelements="203" complexity="0" loc="107" ncloc="107" packages="5" files="9" classes="9"/>
    <package name="components">
      <metrics statements="19" coveredstatements="19" conditionals="15" coveredconditionals="15" methods="9" coveredmethods="9"/>
      <file name="CircularProgress.tsx" path="/mnt/c/Users/angel/Desktop/studi/universita/appunti/III anno/ingegneria del software/progetto/CodeGuardian/frontend/src/components/CircularProgress.tsx">
        <metrics statements="6" coveredstatements="6" conditionals="5" coveredconditionals="5" methods="2" coveredmethods="2"/>
        <line num="3" count="1" type="stmt"/>
        <line num="4" count="3" type="cond" truecount="2" falsecount="0"/>
        <line num="5" count="2" type="cond" truecount="2" falsecount="0"/>
        <line num="6" count="1" type="stmt"/>
        <line num="9" count="1" type="cond" truecount="1" falsecount="0"/>
        <line num="11" count="3" type="stmt"/>
      </file>
      <file name="RemediationCard.tsx" path="/mnt/c/Users/angel/Desktop/studi/universita/appunti/III anno/ingegneria del software/progetto/CodeGuardian/frontend/src/components/RemediationCard.tsx">
        <metrics statements="13" coveredstatements="13" conditionals="10" coveredconditionals="10" methods="7" coveredmethods="7"/>
        <line num="9" count="9" type="stmt"/>
        <line num="14" count="1" type="stmt"/>
        <line num="15" count="2" type="stmt"/>
        <line num="16" count="2" type="stmt"/>
        <line num="19" count="9" type="stmt"/>
        <line num="25" count="1" type="stmt"/>
        <line num="26" count="9" type="stmt"/>
        <line num="27" count="17" type="stmt"/>
        <line num="29" count="9" type="stmt"/>
        <line num="30" count="10" type="stmt"/>
        <line num="33" count="9" type="stmt"/>
        <line num="36" count="1" type="stmt"/>
        <line num="38" count="2" type="stmt"/>
      </file>
    </package>
    <package name="pages">
      <metrics statements="27" coveredstatements="27" conditionals="16" coveredconditionals="10" methods="10" coveredmethods="10"/>
      <file name="DettagliRepo.tsx" path="/mnt/c/Users/angel/Desktop/studi/universita/appunti/III anno/ingegneria del software/progetto/CodeGuardian/frontend/src/pages/DettagliRepo.tsx">
        <metrics statements="27" coveredstatements="27" conditionals="16" coveredconditionals="10" methods="10" coveredmethods="10"/>
        <line num="15" count="1" type="stmt"/>
        <line num="16" count="3" type="stmt"/>
        <line num="19" count="2" type="stmt"/>
        <line num="27" count="1" type="stmt"/>
        <line num="28" count="1" type="stmt"/>
        <line num="40" count="3" type="stmt"/>
        <line num="41" count="3" type="stmt"/>
        <line num="42" count="3" type="stmt"/>
        <line num="43" count="3" type="stmt"/>
        <line num="44" count="3" type="stmt"/>
        <line num="46" count="3" type="stmt"/>
        <line num="47" count="2" type="stmt"/>
        <line num="48" count="2" type="stmt"/>
        <line num="49" count="2" type="stmt"/>
        <line num="52" count="3" type="stmt"/>
        <line num="53" count="2" type="cond" truecount="1" falsecount="1"/>
        <line num="55" count="2" type="stmt"/>
        <line num="56" count="2" type="stmt"/>
        <line num="57" count="2" type="stmt"/>
        <line num="58" count="2" type="cond" truecount="2" falsecount="0"/>
        <line num="59" count="1" type="stmt"/>
        <line num="60" count="1" type="stmt"/>
        <line num="61" count="2" type="stmt"/>
        <line num="63" count="2" type="cond" truecount="1" falsecount="1"/>
        <line num="67" count="3" type="cond" truecount="2" falsecount="0"/>
        <line num="68" count="1" type="cond" truecount="1" falsecount="1"/>
        <line num="70" count="1" type="stmt"/>
      </file>
    </package>
    <package name="services">
      <metrics statements="47" coveredstatements="47" conditionals="20" coveredconditionals="19" methods="27" coveredmethods="27"/>
      <file name="AnalysisService.ts" path="/mnt/c/Users/angel/Desktop/studi/universita/appunti/III anno/ingegneria del software/progetto/CodeGuardian/frontend/src/services/AnalysisService.ts">
        <metrics statements="11" coveredstatements="11" conditionals="6" coveredconditionals="5" methods="7" coveredmethods="7"/>
        <line num="1" count="2" type="cond" truecount="2" falsecount="0"/>
        <line num="6" count="4" type="stmt"/>
        <line num="7" count="4" type="cond" truecount="2" falsecount="0"/>
        <line num="8" count="3" type="stmt"/>
        <line num="12" count="3" type="stmt"/>
        <line num="19" count="4" type="stmt"/>
        <line num="20" count="8" type="stmt"/>
        <line num="21" count="4" type="stmt"/>
        <line num="28" count="3" type="stmt"/>
        <line num="29" count="6" type="stmt"/>
        <line num="30" count="3" type="stmt"/>
      </file>
      <file name="RepositoriesService.ts" path="/mnt/c/Users/angel/Desktop/studi/universita/appunti/III anno/ingegneria del software/progetto/CodeGuardian/frontend/src/services/RepositoriesService.ts">
        <metrics statements="11" coveredstatements="11" conditionals="4" coveredconditionals="4" methods="7" coveredmethods="7"/>
        <line num="1" count="1" type="cond" truecount="2" falsecount="0"/>
        <line num="6" count="4" type="stmt"/>
        <line num="7" count="13" type="cond" truecount="2" falsecount="0"/>
        <line num="8" count="4" type="stmt"/>
        <line num="11" count="3" type="stmt"/>
        <line num="23" count="1" type="stmt"/>
        <line num="24" count="1" type="stmt"/>
        <line num="37" count="1" type="stmt"/>
        <line num="38" count="1" type="stmt"/>
        <line num="50" count="1" type="stmt"/>
        <line num="51" count="1" type="stmt"/>
      </file>
      <file name="SessionService.ts" path="/mnt/c/Users/angel/Desktop/studi/universita/appunti/III anno/ingegneria del software/progetto/CodeGuardian/frontend/src/services/SessionService.ts">
        <metrics statements="14" coveredstatements="14" conditionals="8" coveredconditionals="8" methods="5" coveredmethods="5"/>
        <line num="4" count="2" type="stmt"/>
        <line num="5" count="1" type="stmt"/>
        <line num="8" count="2" type="stmt"/>
        <line num="9" count="4" type="stmt"/>
        <line num="12" count="2" type="stmt"/>
        <line num="13" count="1" type="stmt"/>
        <line num="17" count="3" type="stmt"/>
        <line num="18" count="3" type="stmt"/>
        <line num="19" count="3" type="stmt"/>
        <line num="21" count="3" type="stmt"/>
        <line num="22" count="3" type="cond" truecount="4" falsecount="0"/>
        <line num="23" count="1" type="stmt"/>
        <line num="26" count="3" type="cond" truecount="4" falsecount="0"/>
        <line num="27" count="1" type="stmt"/>
      </file>
      <file name="UserService.ts" path="/mnt/c/Users/angel/Desktop/studi/universita/appunti/III anno/ingegneria del software/progetto/CodeGuardian/frontend/src/services/UserService.ts">
        <metrics statements="11" coveredstatements="11" conditionals="2" coveredconditionals="2" methods="8" coveredmethods="8"/>
        <line num="1" count="1" type="cond" truecount="2" falsecount="0"/>
        <line num="6" count="2" type="stmt"/>
        <line num="7" count="5" type="stmt"/>
        <line num="8" count="2" type="stmt"/>
        <line num="13" count="1" type="stmt"/>
        <line num="14" count="1" type="stmt"/>
        <line num="18" count="3" type="stmt"/>
        <line num="21" count="1" type="stmt"/>
        <line num="22" count="1" type="stmt"/>
        <line num="26" count="1" type="stmt"/>
        <line num="27" count="1" type="stmt"/>
      </file>
    </package>
    <package name="test">
      <metrics statements="5" coveredstatements="5" conditionals="0" coveredconditionals="0" methods="0" coveredmethods="0"/>
      <file name="mock.ts" path="/mnt/c/Users/angel/Desktop/studi/universita/appunti/III anno/ingegneria del software/progetto/CodeGuardian/frontend/src/test/mock.ts">
        <metrics statements="5" coveredstatements="5" conditionals="0" coveredconditionals="0" methods="0" coveredmethods="0"/>
        <line num="6" count="4" type="stmt"/>
        <line num="38" count="4" type="stmt"/>
        <line num="45" count="4" type="stmt"/>
        <line num="53" count="4" type="stmt"/>
        <line num="90" count="4" type="stmt"/>
      </file>
    </package>
    <package name="types">
      <metrics statements="9" coveredstatements="9" conditionals="4" coveredconditionals="4" methods="2" coveredmethods="2"/>
      <file name="types.ts" path="/mnt/c/Users/angel/Desktop/studi/universita/appunti/III anno/ingegneria del software/progetto/CodeGuardian/frontend/src/types/types.ts">
        <metrics statements="9" coveredstatements="9" conditionals="4" coveredconditionals="4" methods="2" coveredmethods="2"/>
        <line num="11" count="4" type="cond" truecount="2" falsecount="0"/>
        <line num="12" count="4" type="stmt"/>
        <line num="13" count="4" type="stmt"/>
        <line num="14" count="4" type="stmt"/>
        <line num="15" count="4" type="stmt"/>
        <line num="27" count="4" type="cond" truecount="2" falsecount="0"/>
        <line num="28" count="4" type="stmt"/>
        <line num="29" count="4" type="stmt"/>
        <line num="30" count="4" type="stmt"/>
      </file>
    </package>
  </project>
</coverage>
