{"/mnt/c/Users/angel/Desktop/studi/universita/appunti/III anno/ingegneria del software/progetto/CodeGuardian/frontend/src/components/CircularProgress.tsx": {"path":"/mnt/c/Users/angel/Desktop/studi/universita/appunti/III anno/ingegneria del software/progetto/CodeGuardian/frontend/src/components/CircularProgress.tsx","statementMap":{"0":{"start":{"line":3,"column":22},"end":{"line":7,"column":null}},"1":{"start":{"line":4,"column":2},"end":{"line":4,"column":null}},"2":{"start":{"line":4,"column":17},"end":{"line":4,"column":null}},"3":{"start":{"line":5,"column":2},"end":{"line":5,"column":null}},"4":{"start":{"line":5,"column":17},"end":{"line":5,"column":null}},"5":{"start":{"line":6,"column":2},"end":{"line":6,"column":null}},"6":{"start":{"line":9,"column":32},"end":{"line":32,"column":null}},"7":{"start":{"line":11,"column":2},"end":{"line":32,"column":null}}},"fnMap":{"0":{"name":"(anonymous_0)","decl":{"start":{"line":3,"column":22},"end":{"line":3,"column":23}},"loc":{"start":{"line":3,"column":39},"end":{"line":7,"column":null}},"line":3},"1":{"name":"(anonymous_1)","decl":{"start":{"line":9,"column":32},"end":{"line":9,"column":33}},"loc":{"start":{"line":11,"column":2},"end":{"line":32,"column":null}},"line":11}},"branchMap":{"0":{"loc":{"start":{"line":4,"column":2},"end":{"line":4,"column":null}},"type":"if","locations":[{"start":{"line":4,"column":2},"end":{"line":4,"column":null}},{"start":{},"end":{}}],"line":4},"1":{"loc":{"start":{"line":5,"column":2},"end":{"line":5,"column":null}},"type":"if","locations":[{"start":{"line":5,"column":2},"end":{"line":5,"column":null}},{"start":{},"end":{}}],"line":5},"2":{"loc":{"start":{"line":9,"column":53},"end":{"line":9,"column":60}},"type":"default-arg","locations":[{"start":{"line":9,"column":58},"end":{"line":9,"column":60}}],"line":9}},"s":{"0":1,"1":3,"2":1,"3":2,"4":2,"5":1,"6":1,"7":3},"f":{"0":3,"1":3},"b":{"0":[1,2],"1":[1,1],"2":[3]},"meta":{"lastBranch":3,"lastFunction":2,"lastStatement":8,"seen":{"s:3:22:7:Infinity":0,"f:3:22:3:23":0,"b:4:2:4:Infinity:undefined:undefined:undefined:undefined":0,"s:4:2:4:Infinity":1,"s:4:17:4:Infinity":2,"b:5:2:5:Infinity:undefined:undefined:undefined:undefined":1,"s:5:2:5:Infinity":3,"s:5:17:5:Infinity":4,"s:6:2:6:Infinity":5,"s:9:32:32:Infinity":6,"f:9:32:9:33":1,"s:11:2:32:Infinity":7,"b:9:58:9:60":2}}}
,"/mnt/c/Users/angel/Desktop/studi/universita/appunti/III anno/ingegneria del software/progetto/CodeGuardian/frontend/src/components/RemediationCard.tsx": {"path":"/mnt/c/Users/angel/Desktop/studi/universita/appunti/III anno/ingegneria del software/progetto/CodeGuardian/frontend/src/components/RemediationCard.tsx","statementMap":{"0":{"start":{"line":9,"column":21},"end":{"line":12,"column":null}},"1":{"start":{"line":9,"column":56},"end":{"line":12,"column":null}},"2":{"start":{"line":14,"column":20},"end":{"line":23,"column":null}},"3":{"start":{"line":15,"column":21},"end":{"line":15,"column":null}},"4":{"start":{"line":16,"column":2},"end":{"line":21,"column":null}},"5":{"start":{"line":19,"column":8},"end":{"line":19,"column":null}},"6":{"start":{"line":25,"column":18},"end":{"line":34,"column":null}},"7":{"start":{"line":26,"column":32},"end":{"line":26,"column":null}},"8":{"start":{"line":27,"column":16},"end":{"line":27,"column":null}},"9":{"start":{"line":27,"column":54},"end":{"line":27,"column":72}},"10":{"start":{"line":29,"column":24},"end":{"line":31,"column":null}},"11":{"start":{"line":30,"column":4},"end":{"line":30,"column":null}},"12":{"start":{"line":33,"column":2},"end":{"line":33,"column":null}},"13":{"start":{"line":36,"column":31},"end":{"line":43,"column":null}},"14":{"start":{"line":38,"column":2},"end":{"line":41,"column":null}}},"fnMap":{"0":{"name":"(anonymous_0)","decl":{"start":{"line":9,"column":21},"end":{"line":9,"column":22}},"loc":{"start":{"line":9,"column":56},"end":{"line":12,"column":null}},"line":9},"1":{"name":"(anonymous_1)","decl":{"start":{"line":14,"column":20},"end":{"line":14,"column":21}},"loc":{"start":{"line":14,"column":83},"end":{"line":23,"column":null}},"line":14},"2":{"name":"(anonymous_2)","decl":{"start":{"line":18,"column":22},"end":{"line":18,"column":23}},"loc":{"start":{"line":19,"column":8},"end":{"line":19,"column":null}},"line":19},"3":{"name":"(anonymous_3)","decl":{"start":{"line":25,"column":18},"end":{"line":25,"column":19}},"loc":{"start":{"line":25,"column":55},"end":{"line":34,"column":null}},"line":25},"4":{"name":"(anonymous_4)","decl":{"start":{"line":27,"column":46},"end":{"line":27,"column":54}},"loc":{"start":{"line":27,"column":54},"end":{"line":27,"column":72}},"line":27},"5":{"name":"(anonymous_5)","decl":{"start":{"line":29,"column":34},"end":{"line":29,"column":35}},"loc":{"start":{"line":30,"column":4},"end":{"line":30,"column":null}},"line":30},"6":{"name":"(anonymous_6)","decl":{"start":{"line":36,"column":31},"end":{"line":36,"column":32}},"loc":{"start":{"line":36,"column":85},"end":{"line":43,"column":null}},"line":36}},"branchMap":{"0":{"loc":{"start":{"line":10,"column":10},"end":{"line":10,"column":null}},"type":"cond-expr","locations":[{"start":{"line":10,"column":23},"end":{"line":10,"column":30}},{"start":{"line":10,"column":30},"end":{"line":10,"column":null}}],"line":10},"1":{"loc":{"start":{"line":10,"column":30},"end":{"line":10,"column":null}},"type":"cond-expr","locations":[{"start":{"line":10,"column":45},"end":{"line":10,"column":52}},{"start":{"line":10,"column":52},"end":{"line":10,"column":null}}],"line":10},"2":{"loc":{"start":{"line":11,"column":13},"end":{"line":11,"column":null}},"type":"cond-expr","locations":[{"start":{"line":11,"column":26},"end":{"line":11,"column":41}},{"start":{"line":11,"column":41},"end":{"line":11,"column":null}}],"line":11},"3":{"loc":{"start":{"line":11,"column":41},"end":{"line":11,"column":null}},"type":"cond-expr","locations":[{"start":{"line":11,"column":56},"end":{"line":11,"column":73}},{"start":{"line":11,"column":73},"end":{"line":11,"column":null}}],"line":11},"4":{"loc":{"start":{"line":40,"column":7},"end":{"line":40,"column":null}},"type":"binary-expr","locations":[{"start":{"line":40,"column":7},"end":{"line":40,"column":35}},{"start":{"line":40,"column":35},"end":{"line":40,"column":null}}],"line":40}},"s":{"0":1,"1":9,"2":1,"3":2,"4":2,"5":9,"6":1,"7":9,"8":9,"9":17,"10":9,"11":10,"12":9,"13":1,"14":2},"f":{"0":9,"1":2,"2":9,"3":9,"4":17,"5":10,"6":2},"b":{"0":[2,7],"1":[2,5],"2":[2,7],"3":[2,5],"4":[2,2]},"meta":{"lastBranch":5,"lastFunction":7,"lastStatement":15,"seen":{"s:9:21:12:Infinity":0,"f:9:21:9:22":0,"s:9:56:12:Infinity":1,"b:10:23:10:30:10:30:10:Infinity":0,"b:10:45:10:52:10:52:10:Infinity":1,"b:11:26:11:41:11:41:11:Infinity":2,"b:11:56:11:73:11:73:11:Infinity":3,"s:14:20:23:Infinity":2,"f:14:20:14:21":1,"s:15:21:15:Infinity":3,"s:16:2:21:Infinity":4,"f:18:22:18:23":2,"s:19:8:19:Infinity":5,"s:25:18:34:Infinity":6,"f:25:18:25:19":3,"s:26:32:26:Infinity":7,"s:27:16:27:Infinity":8,"f:27:46:27:54":4,"s:27:54:27:72":9,"s:29:24:31:Infinity":10,"f:29:34:29:35":5,"s:30:4:30:Infinity":11,"s:33:2:33:Infinity":12,"s:36:31:43:Infinity":13,"f:36:31:36:32":6,"s:38:2:41:Infinity":14,"b:40:7:40:35:40:35:40:Infinity":4}}}
,"/mnt/c/Users/angel/Desktop/studi/universita/appunti/III anno/ingegneria del software/progetto/CodeGuardian/frontend/src/pages/DettagliRepo.tsx": {"path":"/mnt/c/Users/angel/Desktop/studi/universita/appunti/III anno/ingegneria del software/progetto/CodeGuardian/frontend/src/pages/DettagliRepo.tsx","statementMap":{"0":{"start":{"line":15,"column":27},"end":{"line":24,"column":null}},"1":{"start":{"line":16,"column":2},"end":{"line":24,"column":null}},"2":{"start":{"line":19,"column":6},"end":{"line":22,"column":null}},"3":{"start":{"line":27,"column":17},"end":{"line":36,"column":null}},"4":{"start":{"line":28,"column":4},"end":{"line":36,"column":null}},"5":{"start":{"line":40,"column":4},"end":{"line":40,"column":null}},"6":{"start":{"line":41,"column":15},"end":{"line":41,"column":null}},"7":{"start":{"line":42,"column":33},"end":{"line":42,"column":null}},"8":{"start":{"line":43,"column":38},"end":{"line":43,"column":null}},"9":{"start":{"line":44,"column":30},"end":{"line":44,"column":null}},"10":{"start":{"line":46,"column":10},"end":{"line":50,"column":null}},"11":{"start":{"line":46,"column":53},"end":{"line":50,"column":8}},"12":{"start":{"line":47,"column":39},"end":{"line":47,"column":67}},"13":{"start":{"line":48,"column":38},"end":{"line":48,"column":75}},"14":{"start":{"line":49,"column":40},"end":{"line":49,"column":69}},"15":{"start":{"line":52,"column":4},"end":{"line":65,"column":null}},"16":{"start":{"line":53,"column":8},"end":{"line":53,"column":null}},"17":{"start":{"line":53,"column":16},"end":{"line":53,"column":null}},"18":{"start":{"line":55,"column":26},"end":{"line":61,"column":null}},"19":{"start":{"line":56,"column":12},"end":{"line":56,"column":null}},"20":{"start":{"line":57,"column":27},"end":{"line":57,"column":null}},"21":{"start":{"line":58,"column":12},"end":{"line":60,"column":null}},"22":{"start":{"line":59,"column":16},"end":{"line":59,"column":null}},"23":{"start":{"line":60,"column":16},"end":{"line":60,"column":51}},"24":{"start":{"line":61,"column":12},"end":{"line":61,"column":30}},"25":{"start":{"line":63,"column":8},"end":{"line":63,"column":null}},"26":{"start":{"line":63,"column":16},"end":{"line":63,"column":null}},"27":{"start":{"line":67,"column":4},"end":{"line":67,"column":null}},"28":{"start":{"line":67,"column":17},"end":{"line":67,"column":null}},"29":{"start":{"line":68,"column":4},"end":{"line":68,"column":null}},"30":{"start":{"line":68,"column":21},"end":{"line":68,"column":null}},"31":{"start":{"line":70,"column":4},"end":{"line":103,"column":null}}},"fnMap":{"0":{"name":"(anonymous_0)","decl":{"start":{"line":15,"column":27},"end":{"line":15,"column":28}},"loc":{"start":{"line":16,"column":2},"end":{"line":24,"column":null}},"line":16},"1":{"name":"(anonymous_1)","decl":{"start":{"line":18,"column":15},"end":{"line":18,"column":16}},"loc":{"start":{"line":19,"column":6},"end":{"line":22,"column":null}},"line":19},"2":{"name":"(anonymous_2)","decl":{"start":{"line":27,"column":17},"end":{"line":27,"column":18}},"loc":{"start":{"line":28,"column":4},"end":{"line":36,"column":null}},"line":28},"3":{"name":"DettagliRepo","decl":{"start":{"line":39,"column":24},"end":{"line":39,"column":39}},"loc":{"start":{"line":39,"column":39},"end":{"line":105,"column":null}},"line":39},"4":{"name":"(anonymous_4)","decl":{"start":{"line":46,"column":46},"end":{"line":46,"column":53}},"loc":{"start":{"line":46,"column":53},"end":{"line":50,"column":8}},"line":46},"5":{"name":"(anonymous_5)","decl":{"start":{"line":47,"column":34},"end":{"line":47,"column":39}},"loc":{"start":{"line":47,"column":39},"end":{"line":47,"column":67}},"line":47},"6":{"name":"(anonymous_6)","decl":{"start":{"line":48,"column":33},"end":{"line":48,"column":38}},"loc":{"start":{"line":48,"column":38},"end":{"line":48,"column":75}},"line":48},"7":{"name":"(anonymous_7)","decl":{"start":{"line":49,"column":35},"end":{"line":49,"column":40}},"loc":{"start":{"line":49,"column":40},"end":{"line":49,"column":69}},"line":49},"8":{"name":"(anonymous_8)","decl":{"start":{"line":52,"column":14},"end":{"line":52,"column":20}},"loc":{"start":{"line":52,"column":20},"end":{"line":65,"column":7}},"line":52},"9":{"name":"(anonymous_9)","decl":{"start":{"line":55,"column":26},"end":{"line":55,"column":38}},"loc":{"start":{"line":55,"column":38},"end":{"line":61,"column":null}},"line":55}},"branchMap":{"0":{"loc":{"start":{"line":53,"column":8},"end":{"line":53,"column":null}},"type":"if","locations":[{"start":{"line":53,"column":8},"end":{"line":53,"column":null}},{"start":{},"end":{}}],"line":53},"1":{"loc":{"start":{"line":58,"column":12},"end":{"line":60,"column":null}},"type":"if","locations":[{"start":{"line":58,"column":12},"end":{"line":60,"column":null}},{"start":{},"end":{}}],"line":58},"2":{"loc":{"start":{"line":63,"column":8},"end":{"line":63,"column":null}},"type":"if","locations":[{"start":{"line":63,"column":8},"end":{"line":63,"column":null}},{"start":{},"end":{}}],"line":63},"3":{"loc":{"start":{"line":67,"column":4},"end":{"line":67,"column":null}},"type":"if","locations":[{"start":{"line":67,"column":4},"end":{"line":67,"column":null}},{"start":{},"end":{}}],"line":67},"4":{"loc":{"start":{"line":68,"column":4},"end":{"line":68,"column":null}},"type":"if","locations":[{"start":{"line":68,"column":4},"end":{"line":68,"column":null}},{"start":{},"end":{}}],"line":68},"5":{"loc":{"start":{"line":97,"column":74},"end":{"line":97,"column":93}},"type":"binary-expr","locations":[{"start":{"line":97,"column":74},"end":{"line":97,"column":89}},{"start":{"line":97,"column":89},"end":{"line":97,"column":93}}],"line":97},"6":{"loc":{"start":{"line":98,"column":86},"end":{"line":98,"column":104}},"type":"binary-expr","locations":[{"start":{"line":98,"column":86},"end":{"line":98,"column":100}},{"start":{"line":98,"column":100},"end":{"line":98,"column":104}}],"line":98},"7":{"loc":{"start":{"line":99,"column":77},"end":{"line":99,"column":97}},"type":"binary-expr","locations":[{"start":{"line":99,"column":77},"end":{"line":99,"column":93}},{"start":{"line":99,"column":93},"end":{"line":99,"column":97}}],"line":99}},"s":{"0":1,"1":3,"2":2,"3":1,"4":1,"5":3,"6":3,"7":3,"8":3,"9":3,"10":3,"11":3,"12":2,"13":2,"14":2,"15":3,"16":2,"17":0,"18":2,"19":2,"20":2,"21":2,"22":1,"23":1,"24":2,"25":2,"26":2,"27":3,"28":2,"29":1,"30":1,"31":1},"f":{"0":3,"1":2,"2":1,"3":3,"4":3,"5":2,"6":2,"7":2,"8":2,"9":2},"b":{"0":[0,2],"1":[1,1],"2":[2,0],"3":[2,1],"4":[0,1],"5":[3,0],"6":[3,0],"7":[3,0]},"meta":{"lastBranch":8,"lastFunction":10,"lastStatement":32,"seen":{"s:15:27:24:Infinity":0,"f:15:27:15:28":0,"s:16:2:24:Infinity":1,"f:18:15:18:16":1,"s:19:6:22:Infinity":2,"s:27:17:36:Infinity":3,"f:27:17:27:18":2,"s:28:4:36:Infinity":4,"f:39:24:39:39":3,"s:40:4:40:Infinity":5,"s:41:15:41:Infinity":6,"s:42:33:42:Infinity":7,"s:43:38:43:Infinity":8,"s:44:30:44:Infinity":9,"s:46:10:50:Infinity":10,"f:46:46:46:53":4,"s:46:53:50:8":11,"f:47:34:47:39":5,"s:47:39:47:67":12,"f:48:33:48:38":6,"s:48:38:48:75":13,"f:49:35:49:40":7,"s:49:40:49:69":14,"s:52:4:65:Infinity":15,"f:52:14:52:20":8,"b:53:8:53:Infinity:undefined:undefined:undefined:undefined":0,"s:53:8:53:Infinity":16,"s:53:16:53:Infinity":17,"s:55:26:61:Infinity":18,"f:55:26:55:38":9,"s:56:12:56:Infinity":19,"s:57:27:57:Infinity":20,"b:58:12:60:Infinity:undefined:undefined:undefined:undefined":1,"s:58:12:60:Infinity":21,"s:59:16:59:Infinity":22,"s:60:16:60:51":23,"s:61:12:61:30":24,"b:63:8:63:Infinity:undefined:undefined:undefined:undefined":2,"s:63:8:63:Infinity":25,"s:63:16:63:Infinity":26,"b:67:4:67:Infinity:undefined:undefined:undefined:undefined":3,"s:67:4:67:Infinity":27,"s:67:17:67:Infinity":28,"b:68:4:68:Infinity:undefined:undefined:undefined:undefined":4,"s:68:4:68:Infinity":29,"s:68:21:68:Infinity":30,"s:70:4:103:Infinity":31,"b:97:74:97:89:97:89:97:93":5,"b:98:86:98:100:98:100:98:104":6,"b:99:77:99:93:99:93:99:97":7}}}
,"/mnt/c/Users/angel/Desktop/studi/universita/appunti/III anno/ingegneria del software/progetto/CodeGuardian/frontend/src/services/AnalysisService.ts": {"path":"/mnt/c/Users/angel/Desktop/studi/universita/appunti/III anno/ingegneria del software/progetto/CodeGuardian/frontend/src/services/AnalysisService.ts","statementMap":{"0":{"start":{"line":1,"column":23},"end":{"line":1,"column":null}},"1":{"start":{"line":6,"column":24},"end":{"line":6,"column":null}},"2":{"start":{"line":7,"column":4},"end":{"line":7,"column":null}},"3":{"start":{"line":7,"column":22},"end":{"line":7,"column":null}},"4":{"start":{"line":8,"column":30},"end":{"line":10,"column":null}},"5":{"start":{"line":12,"column":4},"end":{"line":15,"column":null}},"6":{"start":{"line":19,"column":2},"end":{"line":24,"column":null}},"7":{"start":{"line":20,"column":18},"end":{"line":20,"column":null}},"8":{"start":{"line":20,"column":54},"end":{"line":20,"column":68}},"9":{"start":{"line":21,"column":4},"end":{"line":21,"column":null}},"10":{"start":{"line":28,"column":2},"end":{"line":33,"column":null}},"11":{"start":{"line":29,"column":18},"end":{"line":29,"column":null}},"12":{"start":{"line":29,"column":51},"end":{"line":29,"column":75}},"13":{"start":{"line":30,"column":4},"end":{"line":30,"column":null}}},"fnMap":{"0":{"name":"getAnalysisPayload","decl":{"start":{"line":5,"column":22},"end":{"line":5,"column":42}},"loc":{"start":{"line":5,"column":54},"end":{"line":16,"column":1}},"line":5},"1":{"name":"getAnalysisById","decl":{"start":{"line":18,"column":15},"end":{"line":18,"column":32}},"loc":{"start":{"line":18,"column":83},"end":{"line":25,"column":1}},"line":18},"2":{"name":"(anonymous_2)","decl":{"start":{"line":19,"column":21},"end":{"line":19,"column":22}},"loc":{"start":{"line":19,"column":34},"end":{"line":24,"column":3}},"line":19},"3":{"name":"(anonymous_3)","decl":{"start":{"line":20,"column":46},"end":{"line":20,"column":54}},"loc":{"start":{"line":20,"column":54},"end":{"line":20,"column":68}},"line":20},"4":{"name":"getRemediationByRepoId","decl":{"start":{"line":27,"column":15},"end":{"line":27,"column":39}},"loc":{"start":{"line":27,"column":96},"end":{"line":34,"column":1}},"line":27},"5":{"name":"(anonymous_5)","decl":{"start":{"line":28,"column":21},"end":{"line":28,"column":22}},"loc":{"start":{"line":28,"column":34},"end":{"line":33,"column":3}},"line":28},"6":{"name":"(anonymous_6)","decl":{"start":{"line":29,"column":43},"end":{"line":29,"column":51}},"loc":{"start":{"line":29,"column":51},"end":{"line":29,"column":75}},"line":29}},"branchMap":{"0":{"loc":{"start":{"line":1,"column":23},"end":{"line":1,"column":null}},"type":"binary-expr","locations":[{"start":{"line":1,"column":23},"end":{"line":1,"column":55}},{"start":{"line":1,"column":55},"end":{"line":1,"column":null}}],"line":1},"1":{"loc":{"start":{"line":7,"column":4},"end":{"line":7,"column":null}},"type":"if","locations":[{"start":{"line":7,"column":4},"end":{"line":7,"column":null}},{"start":{},"end":{}}],"line":7},"2":{"loc":{"start":{"line":14,"column":21},"end":{"line":14,"column":null}},"type":"binary-expr","locations":[{"start":{"line":14,"column":21},"end":{"line":14,"column":40}},{"start":{"line":14,"column":40},"end":{"line":14,"column":null}}],"line":14}},"s":{"0":2,"1":4,"2":4,"3":1,"4":3,"5":3,"6":4,"7":4,"8":8,"9":4,"10":3,"11":3,"12":6,"13":3},"f":{"0":4,"1":4,"2":4,"3":8,"4":3,"5":3,"6":6},"b":{"0":[2,2],"1":[1,3],"2":[3,0]},"meta":{"lastBranch":3,"lastFunction":7,"lastStatement":14,"seen":{"s:1:23:1:Infinity":0,"b:1:23:1:55:1:55:1:Infinity":0,"f:5:22:5:42":0,"s:6:24:6:Infinity":1,"b:7:4:7:Infinity:undefined:undefined:undefined:undefined":1,"s:7:4:7:Infinity":2,"s:7:22:7:Infinity":3,"s:8:30:10:Infinity":4,"s:12:4:15:Infinity":5,"b:14:21:14:40:14:40:14:Infinity":2,"f:18:15:18:32":1,"s:19:2:24:Infinity":6,"f:19:21:19:22":2,"s:20:18:20:Infinity":7,"f:20:46:20:54":3,"s:20:54:20:68":8,"s:21:4:21:Infinity":9,"f:27:15:27:39":4,"s:28:2:33:Infinity":10,"f:28:21:28:22":5,"s:29:18:29:Infinity":11,"f:29:43:29:51":6,"s:29:51:29:75":12,"s:30:4:30:Infinity":13}}}
,"/mnt/c/Users/angel/Desktop/studi/universita/appunti/III anno/ingegneria del software/progetto/CodeGuardian/frontend/src/services/RepositoriesService.ts": {"path":"/mnt/c/Users/angel/Desktop/studi/universita/appunti/III anno/ingegneria del software/progetto/CodeGuardian/frontend/src/services/RepositoriesService.ts","statementMap":{"0":{"start":{"line":1,"column":23},"end":{"line":1,"column":null}},"1":{"start":{"line":6,"column":23},"end":{"line":7,"column":null}},"2":{"start":{"line":7,"column":4},"end":{"line":7,"column":78}},"3":{"start":{"line":8,"column":2},"end":{"line":8,"column":null}},"4":{"start":{"line":11,"column":14},"end":{"line":11,"column":null}},"5":{"start":{"line":11,"column":30},"end":{"line":11,"column":null}},"6":{"start":{"line":11,"column":49},"end":{"line":11,"column":68}},"7":{"start":{"line":23,"column":2},"end":{"line":23,"column":null}},"8":{"start":{"line":24,"column":2},"end":{"line":24,"column":null}},"9":{"start":{"line":37,"column":2},"end":{"line":37,"column":null}},"10":{"start":{"line":38,"column":2},"end":{"line":38,"column":null}},"11":{"start":{"line":50,"column":2},"end":{"line":50,"column":null}},"12":{"start":{"line":51,"column":2},"end":{"line":51,"column":null}}},"fnMap":{"0":{"name":"getRepositoriesByUser","decl":{"start":{"line":5,"column":22},"end":{"line":5,"column":44}},"loc":{"start":{"line":5,"column":97},"end":{"line":9,"column":1}},"line":5},"1":{"name":"(anonymous_1)","decl":{"start":{"line":6,"column":53},"end":{"line":6,"column":null}},"loc":{"start":{"line":7,"column":4},"end":{"line":7,"column":78}},"line":7},"2":{"name":"(anonymous_2)","decl":{"start":{"line":11,"column":14},"end":{"line":11,"column":15}},"loc":{"start":{"line":11,"column":30},"end":{"line":11,"column":null}},"line":11},"3":{"name":"(anonymous_3)","decl":{"start":{"line":11,"column":42},"end":{"line":11,"column":49}},"loc":{"start":{"line":11,"column":49},"end":{"line":11,"column":68}},"line":11},"4":{"name":"checkRepoValid","decl":{"start":{"line":13,"column":22},"end":{"line":13,"column":37}},"loc":{"start":{"line":13,"column":68},"end":{"line":25,"column":null}},"line":13},"5":{"name":"checkRepoAccess","decl":{"start":{"line":27,"column":22},"end":{"line":27,"column":38}},"loc":{"start":{"line":27,"column":69},"end":{"line":39,"column":null}},"line":27},"6":{"name":"checkRepoToken","decl":{"start":{"line":41,"column":22},"end":{"line":41,"column":37}},"loc":{"start":{"line":41,"column":83},"end":{"line":52,"column":null}},"line":41}},"branchMap":{"0":{"loc":{"start":{"line":1,"column":23},"end":{"line":1,"column":null}},"type":"binary-expr","locations":[{"start":{"line":1,"column":23},"end":{"line":1,"column":55}},{"start":{"line":1,"column":55},"end":{"line":1,"column":null}}],"line":1},"1":{"loc":{"start":{"line":7,"column":4},"end":{"line":7,"column":78}},"type":"cond-expr","locations":[{"start":{"line":7,"column":33},"end":{"line":7,"column":60}},{"start":{"line":7,"column":60},"end":{"line":7,"column":78}}],"line":7}},"s":{"0":1,"1":4,"2":13,"3":4,"4":1,"5":3,"6":3,"7":1,"8":1,"9":1,"10":1,"11":1,"12":1},"f":{"0":4,"1":13,"2":3,"3":3,"4":1,"5":1,"6":1},"b":{"0":[1,1],"1":[12,1]},"meta":{"lastBranch":2,"lastFunction":7,"lastStatement":13,"seen":{"s:1:23:1:Infinity":0,"b:1:23:1:55:1:55:1:Infinity":0,"f:5:22:5:44":0,"s:6:23:7:Infinity":1,"f:6:53:6:Infinity":1,"s:7:4:7:78":2,"b:7:33:7:60:7:60:7:78":1,"s:8:2:8:Infinity":3,"s:11:14:11:Infinity":4,"f:11:14:11:15":2,"s:11:30:11:Infinity":5,"f:11:42:11:49":3,"s:11:49:11:68":6,"f:13:22:13:37":4,"s:23:2:23:Infinity":7,"s:24:2:24:Infinity":8,"f:27:22:27:38":5,"s:37:2:37:Infinity":9,"s:38:2:38:Infinity":10,"f:41:22:41:37":6,"s:50:2:50:Infinity":11,"s:51:2:51:Infinity":12}}}
,"/mnt/c/Users/angel/Desktop/studi/universita/appunti/III anno/ingegneria del software/progetto/CodeGuardian/frontend/src/services/SessionService.ts": {"path":"/mnt/c/Users/angel/Desktop/studi/universita/appunti/III anno/ingegneria del software/progetto/CodeGuardian/frontend/src/services/SessionService.ts","statementMap":{"0":{"start":{"line":4,"column":26},"end":{"line":6,"column":null}},"1":{"start":{"line":5,"column":2},"end":{"line":5,"column":null}},"2":{"start":{"line":8,"column":25},"end":{"line":10,"column":null}},"3":{"start":{"line":9,"column":2},"end":{"line":9,"column":null}},"4":{"start":{"line":12,"column":22},"end":{"line":14,"column":null}},"5":{"start":{"line":13,"column":2},"end":{"line":13,"column":null}},"6":{"start":{"line":17,"column":8},"end":{"line":17,"column":null}},"7":{"start":{"line":18,"column":8},"end":{"line":18,"column":null}},"8":{"start":{"line":19,"column":17},"end":{"line":19,"column":null}},"9":{"start":{"line":21,"column":2},"end":{"line":29,"column":null}},"10":{"start":{"line":22,"column":4},"end":{"line":24,"column":null}},"11":{"start":{"line":23,"column":6},"end":{"line":23,"column":null}},"12":{"start":{"line":26,"column":4},"end":{"line":28,"column":null}},"13":{"start":{"line":27,"column":6},"end":{"line":27,"column":null}}},"fnMap":{"0":{"name":"(anonymous_0)","decl":{"start":{"line":4,"column":26},"end":{"line":4,"column":27}},"loc":{"start":{"line":4,"column":58},"end":{"line":6,"column":null}},"line":4},"1":{"name":"(anonymous_1)","decl":{"start":{"line":8,"column":25},"end":{"line":8,"column":26}},"loc":{"start":{"line":8,"column":42},"end":{"line":10,"column":null}},"line":8},"2":{"name":"(anonymous_2)","decl":{"start":{"line":12,"column":22},"end":{"line":12,"column":23}},"loc":{"start":{"line":12,"column":39},"end":{"line":14,"column":null}},"line":12},"3":{"name":"isLogged","decl":{"start":{"line":16,"column":16},"end":{"line":16,"column":27}},"loc":{"start":{"line":16,"column":27},"end":{"line":30,"column":null}},"line":16},"4":{"name":"(anonymous_4)","decl":{"start":{"line":21,"column":12},"end":{"line":21,"column":18}},"loc":{"start":{"line":21,"column":18},"end":{"line":29,"column":5}},"line":21}},"branchMap":{"0":{"loc":{"start":{"line":22,"column":4},"end":{"line":24,"column":null}},"type":"if","locations":[{"start":{"line":22,"column":4},"end":{"line":24,"column":null}},{"start":{},"end":{}}],"line":22},"1":{"loc":{"start":{"line":22,"column":8},"end":{"line":22,"column":51}},"type":"binary-expr","locations":[{"start":{"line":22,"column":8},"end":{"line":22,"column":19}},{"start":{"line":22,"column":19},"end":{"line":22,"column":51}}],"line":22},"2":{"loc":{"start":{"line":26,"column":4},"end":{"line":28,"column":null}},"type":"if","locations":[{"start":{"line":26,"column":4},"end":{"line":28,"column":null}},{"start":{},"end":{}}],"line":26},"3":{"loc":{"start":{"line":26,"column":8},"end":{"line":26,"column":50}},"type":"binary-expr","locations":[{"start":{"line":26,"column":8},"end":{"line":26,"column":18}},{"start":{"line":26,"column":18},"end":{"line":26,"column":50}}],"line":26}},"s":{"0":2,"1":1,"2":2,"3":4,"4":2,"5":1,"6":3,"7":3,"8":3,"9":3,"10":3,"11":1,"12":3,"13":1},"f":{"0":1,"1":4,"2":1,"3":3,"4":3},"b":{"0":[1,2],"1":[3,1],"2":[1,2],"3":[3,2]},"meta":{"lastBranch":4,"lastFunction":5,"lastStatement":14,"seen":{"s:4:26:6:Infinity":0,"f:4:26:4:27":0,"s:5:2:5:Infinity":1,"s:8:25:10:Infinity":2,"f:8:25:8:26":1,"s:9:2:9:Infinity":3,"s:12:22:14:Infinity":4,"f:12:22:12:23":2,"s:13:2:13:Infinity":5,"f:16:16:16:27":3,"s:17:8:17:Infinity":6,"s:18:8:18:Infinity":7,"s:19:17:19:Infinity":8,"s:21:2:29:Infinity":9,"f:21:12:21:18":4,"b:22:4:24:Infinity:undefined:undefined:undefined:undefined":0,"s:22:4:24:Infinity":10,"b:22:8:22:19:22:19:22:51":1,"s:23:6:23:Infinity":11,"b:26:4:28:Infinity:undefined:undefined:undefined:undefined":2,"s:26:4:28:Infinity":12,"b:26:8:26:18:26:18:26:50":3,"s:27:6:27:Infinity":13}}}
,"/mnt/c/Users/angel/Desktop/studi/universita/appunti/III anno/ingegneria del software/progetto/CodeGuardian/frontend/src/services/UserService.ts": {"path":"/mnt/c/Users/angel/Desktop/studi/universita/appunti/III anno/ingegneria del software/progetto/CodeGuardian/frontend/src/services/UserService.ts","statementMap":{"0":{"start":{"line":1,"column":23},"end":{"line":1,"column":null}},"1":{"start":{"line":6,"column":2},"end":{"line":9,"column":null}},"2":{"start":{"line":7,"column":18},"end":{"line":7,"column":null}},"3":{"start":{"line":7,"column":46},"end":{"line":7,"column":60}},"4":{"start":{"line":8,"column":4},"end":{"line":8,"column":null}},"5":{"start":{"line":13,"column":2},"end":{"line":13,"column":null}},"6":{"start":{"line":14,"column":2},"end":{"line":14,"column":null}},"7":{"start":{"line":18,"column":14},"end":{"line":18,"column":null}},"8":{"start":{"line":18,"column":30},"end":{"line":18,"column":null}},"9":{"start":{"line":18,"column":49},"end":{"line":18,"column":68}},"10":{"start":{"line":21,"column":2},"end":{"line":21,"column":null}},"11":{"start":{"line":22,"column":2},"end":{"line":22,"column":null}},"12":{"start":{"line":26,"column":2},"end":{"line":26,"column":null}},"13":{"start":{"line":27,"column":2},"end":{"line":27,"column":null}}},"fnMap":{"0":{"name":"getInfoUserByID","decl":{"start":{"line":5,"column":22},"end":{"line":5,"column":38}},"loc":{"start":{"line":5,"column":83},"end":{"line":10,"column":1}},"line":5},"1":{"name":"(anonymous_1)","decl":{"start":{"line":6,"column":21},"end":{"line":6,"column":22}},"loc":{"start":{"line":6,"column":34},"end":{"line":9,"column":3}},"line":6},"2":{"name":"(anonymous_2)","decl":{"start":{"line":7,"column":38},"end":{"line":7,"column":46}},"loc":{"start":{"line":7,"column":46},"end":{"line":7,"column":60}},"line":7},"3":{"name":"getIDbyEmail","decl":{"start":{"line":12,"column":22},"end":{"line":12,"column":35}},"loc":{"start":{"line":12,"column":67},"end":{"line":15,"column":null}},"line":12},"4":{"name":"(anonymous_4)","decl":{"start":{"line":18,"column":14},"end":{"line":18,"column":15}},"loc":{"start":{"line":18,"column":30},"end":{"line":18,"column":null}},"line":18},"5":{"name":"(anonymous_5)","decl":{"start":{"line":18,"column":42},"end":{"line":18,"column":49}},"loc":{"start":{"line":18,"column":49},"end":{"line":18,"column":68}},"line":18},"6":{"name":"checkEmailValid","decl":{"start":{"line":20,"column":22},"end":{"line":20,"column":38}},"loc":{"start":{"line":20,"column":71},"end":{"line":23,"column":null}},"line":20},"7":{"name":"checkCredentials","decl":{"start":{"line":25,"column":22},"end":{"line":25,"column":39}},"loc":{"start":{"line":25,"column":84},"end":{"line":28,"column":null}},"line":25}},"branchMap":{"0":{"loc":{"start":{"line":1,"column":23},"end":{"line":1,"column":null}},"type":"binary-expr","locations":[{"start":{"line":1,"column":23},"end":{"line":1,"column":55}},{"start":{"line":1,"column":55},"end":{"line":1,"column":null}}],"line":1}},"s":{"0":1,"1":2,"2":2,"3":5,"4":2,"5":1,"6":1,"7":1,"8":3,"9":3,"10":1,"11":1,"12":1,"13":1},"f":{"0":2,"1":2,"2":5,"3":1,"4":3,"5":3,"6":1,"7":1},"b":{"0":[1,1]},"meta":{"lastBranch":1,"lastFunction":8,"lastStatement":14,"seen":{"s:1:23:1:Infinity":0,"b:1:23:1:55:1:55:1:Infinity":0,"f:5:22:5:38":0,"s:6:2:9:Infinity":1,"f:6:21:6:22":1,"s:7:18:7:Infinity":2,"f:7:38:7:46":2,"s:7:46:7:60":3,"s:8:4:8:Infinity":4,"f:12:22:12:35":3,"s:13:2:13:Infinity":5,"s:14:2:14:Infinity":6,"s:18:14:18:Infinity":7,"f:18:14:18:15":4,"s:18:30:18:Infinity":8,"f:18:42:18:49":5,"s:18:49:18:68":9,"f:20:22:20:38":6,"s:21:2:21:Infinity":10,"s:22:2:22:Infinity":11,"f:25:22:25:39":7,"s:26:2:26:Infinity":12,"s:27:2:27:Infinity":13}}}
,"/mnt/c/Users/angel/Desktop/studi/universita/appunti/III anno/ingegneria del software/progetto/CodeGuardian/frontend/src/test/mock.ts": {"path":"/mnt/c/Users/angel/Desktop/studi/universita/appunti/III anno/ingegneria del software/progetto/CodeGuardian/frontend/src/test/mock.ts","statementMap":{"0":{"start":{"line":6,"column":39},"end":{"line":35,"column":null}},"1":{"start":{"line":38,"column":46},"end":{"line":43,"column":null}},"2":{"start":{"line":45,"column":46},"end":{"line":50,"column":null}},"3":{"start":{"line":53,"column":53},"end":{"line":87,"column":null}},"4":{"start":{"line":90,"column":52},"end":{"line":126,"column":null}}},"fnMap":{},"branchMap":{},"s":{"0":4,"1":4,"2":4,"3":4,"4":4},"f":{},"b":{},"meta":{"lastBranch":0,"lastFunction":0,"lastStatement":5,"seen":{"s:6:39:35:Infinity":0,"s:38:46:43:Infinity":1,"s:45:46:50:Infinity":2,"s:53:53:87:Infinity":3,"s:90:52:126:Infinity":4}}}
,"/mnt/c/Users/angel/Desktop/studi/universita/appunti/III anno/ingegneria del software/progetto/CodeGuardian/frontend/src/types/types.ts": {"path":"/mnt/c/Users/angel/Desktop/studi/universita/appunti/III anno/ingegneria del software/progetto/CodeGuardian/frontend/src/types/types.ts","statementMap":{"0":{"start":{"line":11,"column":7},"end":{"line":11,"column":null}},"1":{"start":{"line":12,"column":4},"end":{"line":12,"column":null}},"2":{"start":{"line":13,"column":4},"end":{"line":13,"column":null}},"3":{"start":{"line":14,"column":4},"end":{"line":14,"column":null}},"4":{"start":{"line":15,"column":4},"end":{"line":15,"column":null}},"5":{"start":{"line":11,"column":12},"end":{"line":11,"column":null}},"6":{"start":{"line":27,"column":7},"end":{"line":27,"column":null}},"7":{"start":{"line":28,"column":4},"end":{"line":28,"column":null}},"8":{"start":{"line":29,"column":4},"end":{"line":29,"column":null}},"9":{"start":{"line":30,"column":4},"end":{"line":30,"column":null}},"10":{"start":{"line":27,"column":12},"end":{"line":27,"column":null}}},"fnMap":{"0":{"name":"(anonymous_0)","decl":{"start":{"line":11,"column":7},"end":{"line":11,"column":12}},"loc":{"start":{"line":11,"column":7},"end":{"line":11,"column":null}},"line":11},"1":{"name":"(anonymous_1)","decl":{"start":{"line":27,"column":7},"end":{"line":27,"column":12}},"loc":{"start":{"line":27,"column":7},"end":{"line":27,"column":null}},"line":27}},"branchMap":{"0":{"loc":{"start":{"line":11,"column":12},"end":{"line":11,"column":null}},"type":"binary-expr","locations":[{"start":{"line":11,"column":12},"end":{"line":11,"column":null}},{"start":{"line":11,"column":12},"end":{"line":11,"column":null}}],"line":11},"1":{"loc":{"start":{"line":27,"column":12},"end":{"line":27,"column":null}},"type":"binary-expr","locations":[{"start":{"line":27,"column":12},"end":{"line":27,"column":null}},{"start":{"line":27,"column":12},"end":{"line":27,"column":null}}],"line":27}},"s":{"0":4,"1":4,"2":4,"3":4,"4":4,"5":4,"6":4,"7":4,"8":4,"9":4,"10":4},"f":{"0":4,"1":4},"b":{"0":[4,4],"1":[4,4]},"meta":{"lastBranch":2,"lastFunction":2,"lastStatement":11,"seen":{"s:11:7:11:Infinity":0,"f:11:7:11:12":0,"s:12:4:12:Infinity":1,"s:13:4:13:Infinity":2,"s:14:4:14:Infinity":3,"s:15:4:15:Infinity":4,"s:11:12:11:Infinity":5,"b:11:12:11:Infinity:11:12:11:Infinity":0,"s:27:7:27:Infinity":6,"f:27:7:27:12":1,"s:28:4:28:Infinity":7,"s:29:4:29:Infinity":8,"s:30:4:30:Infinity":9,"s:27:12:27:Infinity":10,"b:27:12:27:Infinity:27:12:27:Infinity":1}}}
}
